<?xml version="1.0" encoding="UTF-8"?>
<testng-results skipped="0" failed="1" ignored="0" total="2" passed="1">
  <reporter-output>
  </reporter-output>
  <suite name="NewEgg Test Automation Test Suite" duration-ms="23959" started-at="2018-06-28T20:40:58Z" finished-at="2018-06-28T20:41:22Z">
    <groups>
    </groups>
    <test name="NewEgg Test Cases" duration-ms="23959" started-at="2018-06-28T20:40:58Z" finished-at="2018-06-28T20:41:22Z">
      <class name="com.test.automation.testcases.LoginPageTest">
        <test-method status="PASS" signature="setup()[pri:0, instance:com.test.automation.testcases.LoginPageTest@1622fdf]" name="setup" is-config="true" duration-ms="11387" started-at="2018-06-28T20:40:58Z" finished-at="2018-06-28T20:41:09Z">
          <reporter-output>
          </reporter-output>
        </test-method> <!-- setup -->
        <test-method status="PASS" signature="loginTest()[pri:1, instance:com.test.automation.testcases.LoginPageTest@1622fdf]" name="loginTest" duration-ms="267" started-at="2018-06-28T20:41:09Z" finished-at="2018-06-28T20:41:10Z">
          <reporter-output>
          </reporter-output>
        </test-method> <!-- loginTest -->
        <test-method status="PASS" signature="closeBrowser()[pri:0, instance:com.test.automation.testcases.LoginPageTest@1622fdf]" name="closeBrowser" is-config="true" duration-ms="847" started-at="2018-06-28T20:41:10Z" finished-at="2018-06-28T20:41:10Z">
          <reporter-output>
          </reporter-output>
        </test-method> <!-- closeBrowser -->
        <test-method status="PASS" signature="setup()[pri:0, instance:com.test.automation.testcases.LoginPageTest@1622fdf]" name="setup" is-config="true" duration-ms="10564" started-at="2018-06-28T20:41:10Z" finished-at="2018-06-28T20:41:21Z">
          <reporter-output>
          </reporter-output>
        </test-method> <!-- setup -->
        <test-method status="FAIL" signature="loginPageTitleTest()[pri:2, instance:com.test.automation.testcases.LoginPageTest@1622fdf]" name="loginPageTitleTest" duration-ms="14" started-at="2018-06-28T20:41:21Z" finished-at="2018-06-28T20:41:21Z">
          <exception class="java.lang.AssertionError">
            <message>
              <![CDATA[expected [Computer Parts, Laptops, Electronics, and More - Newegg.com] but found [Newegg.com - Newegg shopping upgraded ™]]]>
            </message>
            <full-stacktrace>
              <![CDATA[java.lang.AssertionError: expected [Computer Parts, Laptops, Electronics, and More - Newegg.com] but found [Newegg.com - Newegg shopping upgraded ™]
at org.testng.Assert.fail(Assert.java:96)
at org.testng.Assert.failNotEquals(Assert.java:776)
at org.testng.Assert.assertEqualsImpl(Assert.java:137)
at org.testng.Assert.assertEquals(Assert.java:118)
at org.testng.Assert.assertEquals(Assert.java:453)
at org.testng.Assert.assertEquals(Assert.java:463)
at com.test.automation.testcases.LoginPageTest.loginPageTitleTest(LoginPageTest.java:36)
at sun.reflect.NativeMethodAccessorImpl.invoke0(Native Method)
at sun.reflect.NativeMethodAccessorImpl.invoke(Unknown Source)
at sun.reflect.DelegatingMethodAccessorImpl.invoke(Unknown Source)
at java.lang.reflect.Method.invoke(Unknown Source)
at org.testng.internal.MethodInvocationHelper.invokeMethod(MethodInvocationHelper.java:124)
at org.testng.internal.Invoker.invokeMethod(Invoker.java:583)
at org.testng.internal.Invoker.invokeTestMethod(Invoker.java:719)
at org.testng.internal.Invoker.invokeTestMethods(Invoker.java:989)
at org.testng.internal.TestMethodWorker.invokeTestMethods(TestMethodWorker.java:125)
at org.testng.internal.TestMethodWorker.run(TestMethodWorker.java:109)
at org.testng.TestRunner.privateRun(TestRunner.java:648)
at org.testng.TestRunner.run(TestRunner.java:505)
at org.testng.SuiteRunner.runTest(SuiteRunner.java:455)
at org.testng.SuiteRunner.runSequentially(SuiteRunner.java:450)
at org.testng.SuiteRunner.privateRun(SuiteRunner.java:415)
at org.testng.SuiteRunner.run(SuiteRunner.java:364)
at org.testng.SuiteRunnerWorker.runSuite(SuiteRunnerWorker.java:52)
at org.testng.SuiteRunnerWorker.run(SuiteRunnerWorker.java:84)
at org.testng.TestNG.runSuitesSequentially(TestNG.java:1208)
at org.testng.TestNG.runSuitesLocally(TestNG.java:1137)
at org.testng.TestNG.runSuites(TestNG.java:1049)
at org.testng.TestNG.run(TestNG.java:1017)
at org.testng.remote.AbstractRemoteTestNG.run(AbstractRemoteTestNG.java:114)
at org.testng.remote.RemoteTestNG.initAndRun(RemoteTestNG.java:251)
at org.testng.remote.RemoteTestNG.main(RemoteTestNG.java:77)
]]>
            </full-stacktrace>
          </exception> <!-- java.lang.AssertionError -->
          <reporter-output>
          </reporter-output>
        </test-method> <!-- loginPageTitleTest -->
        <test-method status="PASS" signature="closeBrowser()[pri:0, instance:com.test.automation.testcases.LoginPageTest@1622fdf]" name="closeBrowser" is-config="true" duration-ms="828" started-at="2018-06-28T20:41:21Z" finished-at="2018-06-28T20:41:22Z">
          <reporter-output>
          </reporter-output>
        </test-method> <!-- closeBrowser -->
      </class> <!-- com.test.automation.testcases.LoginPageTest -->
    </test> <!-- NewEgg Test Cases -->
  </suite> <!-- NewEgg Test Automation Test Suite -->
</testng-results>
